\BOOKMARK [1][-]{section.1}{\376\377\0001\000\040\127\372\147\054\213\276\133\232\116\016\130\236\136\177\213\260\123\367}{}% 1
\BOOKMARK [1][-]{section.2}{\376\377\0002\000\040\000x\000-\000s\000p\000a\000c\000e\000\040\116\016\000\040\000w\000-\000s\000p\000a\000c\000e\000\040\166\204\121\340\117\125\133\371\120\166}{}% 2
\BOOKMARK [2][-]{subsection.2.1}{\376\377\0002\000.\0001\000\040\160\271\040\023\215\205\136\163\227\142\133\371\120\166\116\016\122\006\174\173\176\246\147\137\166\204\116\044\171\315\211\306\211\322}{section.2}% 3
\BOOKMARK [2][-]{subsection.2.2}{\376\377\0002\000.\0002\000\040\040\034\000w\000\040\145\342\146\057\124\021\221\317\123\310\146\057\160\271\040\035\166\204\213\364\146\016}{section.2}% 4
\BOOKMARK [1][-]{section.3}{\376\377\0003\000\040\230\316\226\151\121\375\145\160\060\001\137\142\162\266\116\016\150\257\136\246}{}% 5
\BOOKMARK [2][-]{subsection.3.1}{\376\377\0003\000.\0001\000\040\116\305\213\357\122\006\174\173\213\241\143\137\166\204\230\316\226\151\116\016\141\037\167\345\147\072\143\137\131\061}{section.3}% 6
\BOOKMARK [2][-]{subsection.3.2}{\376\377\0003\000.\0002\000\040\150\257\136\246\060\001\147\000\220\037\116\013\226\115\116\016\146\364\145\260}{section.3}% 7
\BOOKMARK [1][-]{section.4}{\376\377\0004\000\040\000G\000D\000\040\116\016\000\040\000S\000G\000D\377\032\133\232\116\111\060\001\131\015\147\102\136\246\116\016\127\050\176\277\140\047}{}% 8
\BOOKMARK [2][-]{subsection.4.1}{\376\377\0004\000.\0001\000\040\116\044\171\315\116\013\226\115}{section.4}% 9
\BOOKMARK [2][-]{subsection.4.2}{\376\377\0004\000.\0002\000\040\127\050\176\277\173\227\154\325\116\016\153\145\225\177}{section.4}% 10
\BOOKMARK [1][-]{section.5}{\376\377\0005\000\040\120\117\177\156\116\016\040\034\130\236\122\240\116\000\176\364\040\035\166\204\176\337\116\000}{}% 11
\BOOKMARK [1][-]{section.6}{\376\377\0006\000\040\121\370\117\030\123\026\116\016\000\040\000S\000G\000D\000\040\145\066\145\133}{}% 12
\BOOKMARK [1][-]{section.7}{\376\377\0007\000\040\141\037\167\345\147\072\145\066\145\133\133\232\164\006\116\016\225\031\213\357\116\012\165\114}{}% 13
\BOOKMARK [2][-]{subsection.7.1}{\376\377\0007\000.\0001\000\040\226\110\217\360\116\016\123\302\145\160}{section.7}% 14
\BOOKMARK [2][-]{subsection.7.2}{\376\377\0007\000.\0002\000\040\213\301\146\016\377\010\000N\000o\000v\000i\000k\000o\000f\000f\377\011}{section.7}% 15
\BOOKMARK [1][-]{section.8}{\376\377\0008\000\040\225\364\226\224\377\010\000m\000a\000r\000g\000i\000n\377\011\166\204\147\054\215\050\116\016\147\000\131\047\123\026\225\364\226\224}{}% 16
\BOOKMARK [2][-]{subsection.8.1}{\376\377\0008\000.\0001\000\040\121\375\145\160\225\364\226\224\116\016\121\340\117\125\225\364\226\224}{section.8}% 17
\BOOKMARK [2][-]{subsection.8.2}{\376\377\0008\000.\0002\000\040\133\232\150\007\060\001\147\141\136\046\116\016\147\000\131\047\123\026}{section.8}% 18
\BOOKMARK [1][-]{section.9}{\376\377\0009\000\040\170\154\225\364\226\224\000\040\000S\000V\000M\000\040\166\204\121\370\116\214\153\041\211\304\122\022\116\016\147\103\221\315\172\172\225\364\121\340\117\125}{}% 19
\BOOKMARK [2][-]{subsection.9.1}{\376\377\0009\000.\0001\000\040\123\237\131\313\225\356\230\230\377\010\176\277\140\047\123\357\122\006\377\011}{section.9}% 20
\BOOKMARK [2][-]{subsection.9.2}{\376\377\0009\000.\0002\000\040\147\103\221\315\172\172\225\364\116\011\176\364\000/\142\052\227\142\166\364\211\302}{section.9}% 21
\BOOKMARK [1][-]{section.10}{\376\377\0001\0000\000\040\116\316\141\037\167\345\147\072\122\060\000\040\000S\000V\000M\377\032\122\250\147\072\116\016\133\236\215\365}{}% 22
\BOOKMARK [1][-]{section.11}{\376\377\0001\0001\000\040\123\206\123\362\116\016\131\007\154\350}{}% 23
\BOOKMARK [1][-]{section.12}{\376\377\0001\0002\000\040\136\070\211\301\165\221\225\356\116\016\157\204\156\005}{}% 24
