\BOOKMARK [1][-]{section.1}{\376\377\0001\000\040\225\356\230\230\200\314\146\157\116\016\122\250\147\072}{}% 1
\BOOKMARK [2][-]{subsection.1.1}{\376\377\0001\000.\0001\000\040\170\154\225\364\226\224\000\040\000S\000V\000M\000\040\166\204\134\100\226\120}{section.1}% 2
\BOOKMARK [2][-]{subsection.1.2}{\376\377\0001\000.\0002\000\040\217\157\225\364\226\224\140\035\140\363}{section.1}% 3
\BOOKMARK [1][-]{section.2}{\376\377\0002\000\040\217\157\225\364\226\224\000\040\000S\000V\000M\377\032\176\246\147\137\060\001\121\340\117\125\116\016\117\030\123\026}{}% 4
\BOOKMARK [2][-]{subsection.2.1}{\376\377\0002\000.\0001\000\040\147\176\137\033\123\330\221\317\116\016\121\340\117\125\211\343\221\312}{section.2}% 5
\BOOKMARK [2][-]{subsection.2.2}{\376\377\0002\000.\0002\000\040\123\237\131\313\225\356\230\230\377\010\000Q\000P\377\011\116\016\123\302\145\160\000\040\000C}{section.2}% 6
\BOOKMARK [2][-]{subsection.2.3}{\376\377\0002\000.\0003\000\040\120\117\177\156\116\016\124\014\215\050\123\026}{section.2}% 7
\BOOKMARK [1][-]{section.3}{\376\377\0003\000\040\227\136\176\277\140\047\217\271\165\114\377\032\162\171\137\201\116\016\123\107\176\364}{}% 8
\BOOKMARK [2][-]{subsection.3.1}{\376\377\0003\000.\0001\000\040\140\073\215\357\176\277}{section.3}% 9
\BOOKMARK [2][-]{subsection.3.2}{\376\377\0003\000.\0002\000\040\142\233\162\151\143\320\123\107\146\040\134\004\377\032\164\003\227\142\000\040\000\040\215\205\136\163\227\142}{section.3}% 10
\BOOKMARK [2][-]{subsection.3.3}{\376\377\0003\000.\0003\000\040\116\214\153\041\146\362\227\142\377\010\000Q\000u\000a\000d\000r\000i\000c\000s\377\011\116\016\116\214\153\041\162\171\137\201}{section.3}% 11
\BOOKMARK [2][-]{subsection.3.4}{\376\377\0003\000.\0004\000\040\116\000\202\054\000\040\000p\000\040\153\041\131\032\230\171\137\017\217\271\165\114\116\016\123\107\176\364\166\204\146\156\220\002\140\047}{section.3}% 12
\BOOKMARK [2][-]{subsection.3.5}{\376\377\0003\000.\0005\000\040\150\070\142\200\135\347\377\010\000K\000e\000r\000n\000e\000l\000\040\000T\000r\000i\000c\000k\377\011}{section.3}% 13
\BOOKMARK [1][-]{section.4}{\376\377\0004\000\040\153\041\145\160\060\001\225\364\226\224\116\016\154\333\123\026\377\032\131\015\147\102\136\246\147\103\210\141}{}% 14
\BOOKMARK [2][-]{subsection.4.1}{\376\377\0004\000.\0001\000\040\143\320\232\330\153\041\145\160\166\204\123\314\221\315\145\110\136\224}{section.4}% 15
\BOOKMARK [2][-]{subsection.4.2}{\376\377\0004\000.\0002\000\040\213\255\176\303\116\016\155\113\213\325\213\357\135\356\226\217\131\015\147\102\136\246\166\204\121\170\127\213\146\362\176\277}{section.4}% 16
\BOOKMARK [2][-]{subsection.4.3}{\376\377\0004\000.\0003\000\040\116\016\000\040\000C\000\040\166\204\200\124\122\250\214\003\123\302}{section.4}% 17
\BOOKMARK [1][-]{section.5}{\376\377\0005\000\040\162\171\137\201\135\345\172\013\377\032\116\316\131\032\230\171\137\017\122\060\116\373\122\241\162\171\133\232\162\171\137\201}{}% 18
\BOOKMARK [2][-]{subsection.5.1}{\376\377\0005\000.\0001\000\040\217\271\177\030\150\300\155\113\116\016\000\040\000H\000O\000G}{section.5}% 19
\BOOKMARK [1][-]{section.6}{\376\377\0006\000\040\133\236\215\365\211\201\160\271\116\016\136\372\213\256}{}% 20
