\BOOKMARK [1][-]{section.1}{\376\377\0001\000\040\126\333\176\247\142\275\214\141\116\016\166\370\116\222\117\134\165\050}{}% 1
\BOOKMARK [2][-]{subsection.1.1}{\376\377\0001\000.\0001\000\040\140\073\117\123\150\106\147\266}{section.1}% 2
\BOOKMARK [2][-]{subsection.1.2}{\376\377\0001\000.\0002\000\040\176\247\200\124\145\110\136\224}{section.1}% 3
\BOOKMARK [1][-]{section.2}{\376\377\0002\000\040\145\340\176\246\147\137\117\030\123\026\116\016\121\370\140\047}{}% 4
\BOOKMARK [2][-]{subsection.2.1}{\376\377\0002\000.\0001\000\040\147\201\134\017\120\074\116\016\136\163\156\321\140\047}{section.2}% 5
\BOOKMARK [2][-]{subsection.2.2}{\376\377\0002\000.\0002\000\040\121\370\121\375\145\160\166\204\121\163\225\056\140\047\215\050}{section.2}% 6
\BOOKMARK [2][-]{subsection.2.3}{\376\377\0002\000.\0003\000\040\150\257\136\246\116\013\226\115\116\016\133\146\116\140\163\207}{section.2}% 7
\BOOKMARK [1][-]{section.3}{\376\377\0003\000\040\131\032\176\364\146\362\163\207\060\001\000H\000e\000s\000s\000i\000a\000n\000\040\116\016\165\305\140\001\147\141\116\366}{}% 8
\BOOKMARK [2][-]{subsection.3.1}{\376\377\0003\000.\0001\000\040\145\271\124\021\146\362\163\207\116\016\000\040\000H\000e\000s\000s\000i\000a\000n}{section.3}% 9
\BOOKMARK [2][-]{subsection.3.2}{\376\377\0003\000.\0002\000\040\165\305\140\001\147\141\116\366\116\016\133\146\116\140\163\207\124\004\124\021\137\002\140\047}{section.3}% 10
\BOOKMARK [2][-]{subsection.3.3}{\376\377\0003\000.\0003\000\040\227\215\160\271}{section.3}% 11
\BOOKMARK [1][-]{section.4}{\376\377\0004\000\040\176\277\140\047\211\304\122\022\377\010\000L\000P\377\011\377\032\176\277\140\047\166\356\150\007\000\040\000+\000\040\176\277\140\047\116\015\173\111\137\017}{}% 12
\BOOKMARK [2][-]{subsection.4.1}{\376\377\0004\000.\0001\000\040\137\142\137\017\116\016\121\340\117\125}{section.4}% 13
\BOOKMARK [2][-]{subsection.4.2}{\376\377\0004\000.\0002\000\040\116\016\040\034\176\277\140\047\123\357\122\006\040\035\166\204\133\371\136\224}{section.4}% 14
\BOOKMARK [1][-]{section.5}{\376\377\0005\000\040\116\214\153\041\211\304\122\022\377\010\000Q\000P\377\011\116\016\147\000\131\047\225\364\226\224\000\040\000S\000V\000M}{}% 15
\BOOKMARK [2][-]{subsection.5.1}{\376\377\0005\000.\0001\000\040\000Q\000P\000\040\127\372\147\054\137\142\140\001\116\016\123\357\211\343\140\047}{section.5}% 16
\BOOKMARK [2][-]{subsection.5.2}{\376\377\0005\000.\0002\000\040\116\316\040\034\123\357\122\006\040\035\122\060\040\034\147\000\131\047\225\364\226\224\040\035\166\204\143\250\133\374}{section.5}% 17
\BOOKMARK [2][-]{subsection.5.3}{\376\377\0005\000.\0003\000\040\217\157\225\364\226\224\116\016\124\010\230\165\143\137\131\061\166\204\173\111\116\367}{section.5}% 18
\BOOKMARK [2][-]{subsection.5.4}{\376\377\0005\000.\0004\000\040\150\070\142\200\135\347\116\000\212\000\116\345\205\075\116\113}{section.5}% 19
\BOOKMARK [2][-]{subsection.5.5}{\376\377\0005\000.\0005\000\040\000Q\000P\000\040\154\102\211\343\173\227\154\325\116\016\133\371\153\324}{section.5}% 20
\BOOKMARK [1][-]{section.6}{\376\377\0006\000\040\133\236\215\365\211\201\160\271\116\016\146\023\225\031\156\005\123\125}{}% 21
\BOOKMARK [2][-]{subsection.6.1}{\376\377\0006\000.\0001\000\040\133\146\116\140\163\207\116\016\145\066\145\133}{section.6}% 22
\BOOKMARK [2][-]{subsection.6.2}{\376\377\0006\000.\0002\000\040\145\160\143\156\116\016\162\171\137\201\131\004\164\006}{section.6}% 23
\BOOKMARK [2][-]{subsection.6.3}{\376\377\0006\000.\0003\000\040\116\316\000\040\000L\000P\000\040\122\060\000\040\000Q\000P\000\040\166\204\213\306\122\053\142\200\135\347}{section.6}% 24
\BOOKMARK [1][-]{section.7}{\376\377\0007\000\040\151\202\137\365\220\037\147\345\210\150}{}% 25
\BOOKMARK [1][-]{section.8}{\376\377\0008\000\040\121\163\225\056\143\250\133\374\116\016\213\301\146\016\144\130\211\201}{}% 26
